<?xml version="1.0" encoding="UTF-8"?>
<!-- Generated by org.testng.reporters.JUnitXMLReporter -->
<testsuite ignored="0" hostname="DESKTOP-ML836JK" failures="0" tests="4" name="Default test" time="30.483" errors="0" timestamp="24 May 2019 18:00:26 GMT">
  <testcase classname="com.TestCases.LoginPageTest" name="VerifyLogoOfThePage" time="0.086"/>
  <testcase classname="com.TestCases.LoginPageTest" name="VerifyTitleofThePage" time="0.012"/>
  <testcase classname="com.TestCases.LoginPageTest" name="VerifyErrorMessageofPage" time="1.628"/>
  <testcase classname="com.TestCases.LoginPageTest" name="VerifyLoginPage" time="3.438"/>
</testsuite> <!-- Default test -->
