<?xml version="1.0" encoding="UTF-8"?>
<!-- Generated by org.testng.reporters.JUnitXMLReporter -->
<testsuite ignored="0" hostname="DESKTOP-ML836JK" failures="0" tests="4" name="Techfios Test Case" time="29.683" errors="0" timestamp="24 May 2019 18:29:22 GMT">
  <testcase classname="com.TestCases.LoginPageTest" name="VerifyLogoOfThePage" time="0.077"/>
  <testcase classname="com.TestCases.LoginPageTest" name="VerifyTitleofThePage" time="0.013"/>
  <testcase classname="com.TestCases.LoginPageTest" name="VerifyErrorMessageofPage" time="1.454"/>
  <testcase classname="com.TestCases.LoginPageTest" name="VerifyLoginPage" time="3.177"/>
</testsuite> <!-- Techfios Test Case -->
