<?xml version="1.0" encoding="UTF-8"?>
<testng-results ignored="0" total="4" passed="4" failed="0" skipped="0">
  <reporter-output>
  </reporter-output>
  <suite started-at="2019-05-24T18:28:52Z" name="Regression" finished-at="2019-05-24T18:29:22Z" duration-ms="29683">
    <groups>
    </groups>
    <test started-at="2019-05-24T18:28:52Z" name="Techfios Test Case" finished-at="2019-05-24T18:29:22Z" duration-ms="29683">
      <class name="com.TestCases.LoginPageTest">
        <test-method is-config="true" signature="SetUp()[pri:0, instance:com.TestCases.LoginPageTest@3a079870]" started-at="2019-05-24T18:28:52Z" name="SetUp" finished-at="2019-05-24T18:28:58Z" duration-ms="6023" status="PASS">
          <reporter-output>
          </reporter-output>
        </test-method> <!-- SetUp -->
        <test-method signature="VerifyLogoOfThePage()[pri:0, instance:com.TestCases.LoginPageTest@3a079870]" started-at="2019-05-24T18:28:58Z" name="VerifyLogoOfThePage" finished-at="2019-05-24T18:28:58Z" duration-ms="77" status="PASS">
          <reporter-output>
          </reporter-output>
        </test-method> <!-- VerifyLogoOfThePage -->
        <test-method is-config="true" signature="CloseandQuit()[pri:0, instance:com.TestCases.LoginPageTest@3a079870]" started-at="2019-05-24T18:28:58Z" name="CloseandQuit" finished-at="2019-05-24T18:28:59Z" duration-ms="1188" status="PASS">
          <reporter-output>
          </reporter-output>
        </test-method> <!-- CloseandQuit -->
        <test-method is-config="true" signature="SetUp()[pri:0, instance:com.TestCases.LoginPageTest@3a079870]" started-at="2019-05-24T18:28:59Z" name="SetUp" finished-at="2019-05-24T18:29:04Z" duration-ms="4638" status="PASS">
          <reporter-output>
          </reporter-output>
        </test-method> <!-- SetUp -->
        <test-method signature="VerifyTitleofThePage()[pri:1, instance:com.TestCases.LoginPageTest@3a079870]" started-at="2019-05-24T18:29:04Z" name="VerifyTitleofThePage" finished-at="2019-05-24T18:29:04Z" duration-ms="13" status="PASS">
          <reporter-output>
          </reporter-output>
        </test-method> <!-- VerifyTitleofThePage -->
        <test-method is-config="true" signature="CloseandQuit()[pri:0, instance:com.TestCases.LoginPageTest@3a079870]" started-at="2019-05-24T18:29:04Z" name="CloseandQuit" finished-at="2019-05-24T18:29:05Z" duration-ms="1313" status="PASS">
          <reporter-output>
          </reporter-output>
        </test-method> <!-- CloseandQuit -->
        <test-method is-config="true" signature="SetUp()[pri:0, instance:com.TestCases.LoginPageTest@3a079870]" started-at="2019-05-24T18:29:05Z" name="SetUp" finished-at="2019-05-24T18:29:10Z" duration-ms="4487" status="PASS">
          <reporter-output>
          </reporter-output>
        </test-method> <!-- SetUp -->
        <test-method signature="VerifyErrorMessageofPage()[pri:2, instance:com.TestCases.LoginPageTest@3a079870]" started-at="2019-05-24T18:29:10Z" name="VerifyErrorMessageofPage" finished-at="2019-05-24T18:29:11Z" duration-ms="1454" status="PASS">
          <reporter-output>
          </reporter-output>
        </test-method> <!-- VerifyErrorMessageofPage -->
        <test-method is-config="true" signature="CloseandQuit()[pri:0, instance:com.TestCases.LoginPageTest@3a079870]" started-at="2019-05-24T18:29:11Z" name="CloseandQuit" finished-at="2019-05-24T18:29:13Z" duration-ms="1305" status="PASS">
          <reporter-output>
          </reporter-output>
        </test-method> <!-- CloseandQuit -->
        <test-method is-config="true" signature="SetUp()[pri:0, instance:com.TestCases.LoginPageTest@3a079870]" started-at="2019-05-24T18:29:13Z" name="SetUp" finished-at="2019-05-24T18:29:17Z" duration-ms="4753" status="PASS">
          <reporter-output>
          </reporter-output>
        </test-method> <!-- SetUp -->
        <test-method signature="VerifyLoginPage()[pri:3, instance:com.TestCases.LoginPageTest@3a079870]" started-at="2019-05-24T18:29:17Z" name="VerifyLoginPage" finished-at="2019-05-24T18:29:21Z" duration-ms="3177" status="PASS">
          <reporter-output>
          </reporter-output>
        </test-method> <!-- VerifyLoginPage -->
        <test-method is-config="true" signature="CloseandQuit()[pri:0, instance:com.TestCases.LoginPageTest@3a079870]" started-at="2019-05-24T18:29:21Z" name="CloseandQuit" finished-at="2019-05-24T18:29:22Z" duration-ms="1187" status="PASS">
          <reporter-output>
          </reporter-output>
        </test-method> <!-- CloseandQuit -->
      </class> <!-- com.TestCases.LoginPageTest -->
    </test> <!-- Techfios Test Case -->
  </suite> <!-- Regression -->
</testng-results>
